[18:29:14] [Client thread/INFO]: Setting user: Player828
[18:29:16] [Client thread/INFO]: LWJGL Version: 2.9.1
[18:29:18] [Client thread/INFO]: Reloading ResourceManager: Default, FMLFileResourcePack:Forge Mod Loader, FMLFileResourcePack:Minecraft Forge, FMLFileResourcePack:Microsoft Malmo Mod
[18:29:18] [Client thread/WARN]: ResourcePack: ignored non-lowercase namespace: MalmoMod in C:\Users\Luis\Desktop\Malmo-0.20.0-Windows-64bit\Minecraft\build\libs\MalmoMod-0.20.0.jar
[18:29:18] [Client thread/WARN]: ResourcePack: ignored non-lowercase namespace: MalmoMod in C:\Users\Luis\Desktop\Malmo-0.20.0-Windows-64bit\Minecraft\build\libs\MalmoMod-0.20.0.jar
[18:29:18] [Client thread/WARN]: ResourcePack: ignored non-lowercase namespace: MalmoMod in C:\Users\Luis\Desktop\Malmo-0.20.0-Windows-64bit\Minecraft\build\libs\MalmoMod-0.20.0.jar
[18:29:18] [Sound Library Loader/INFO]: Starting up SoundSystem...
[18:29:18] [Thread-9/INFO]: Initializing LWJGL OpenAL
[18:29:18] [Thread-9/INFO]: (The LWJGL binding of OpenAL.  For more information, see http://www.lwjgl.org)
[18:29:19] [Thread-9/INFO]: OpenAL initialized.
[18:29:19] [Sound Library Loader/INFO]: Sound engine started
[18:29:19] [Client thread/INFO]: Created: 16x16 textures-atlas
[18:29:20] [Client thread/INFO]: Reloading ResourceManager: Default, FMLFileResourcePack:Forge Mod Loader, FMLFileResourcePack:Minecraft Forge, FMLFileResourcePack:Microsoft Malmo Mod
[18:29:20] [Client thread/WARN]: ResourcePack: ignored non-lowercase namespace: MalmoMod in C:\Users\Luis\Desktop\Malmo-0.20.0-Windows-64bit\Minecraft\build\libs\MalmoMod-0.20.0.jar
[18:29:20] [Client thread/WARN]: ResourcePack: ignored non-lowercase namespace: MalmoMod in C:\Users\Luis\Desktop\Malmo-0.20.0-Windows-64bit\Minecraft\build\libs\MalmoMod-0.20.0.jar
[18:29:20] [Client thread/WARN]: ResourcePack: ignored non-lowercase namespace: MalmoMod in C:\Users\Luis\Desktop\Malmo-0.20.0-Windows-64bit\Minecraft\build\libs\MalmoMod-0.20.0.jar
[18:29:20] [Client thread/INFO]: SoundSystem shutting down...
[18:29:20] [Client thread/WARN]: Author: Paul Lamb, www.paulscode.com
[18:29:20] [Sound Library Loader/INFO]: Starting up SoundSystem...
[18:29:20] [Thread-11/INFO]: Initializing LWJGL OpenAL
[18:29:20] [Thread-11/INFO]: (The LWJGL binding of OpenAL.  For more information, see http://www.lwjgl.org)
[18:29:20] [Thread-11/INFO]: OpenAL initialized.
[18:29:21] [Sound Library Loader/INFO]: Sound engine started
[18:29:21] [Client thread/INFO]: Created: 512x512 textures-atlas
[18:29:41] [Server thread/INFO]: Starting integrated minecraft server version 1.8
[18:29:41] [Server thread/INFO]: Generating keypair
[18:29:42] [Server thread/INFO]: Converting map!
[18:29:42] [Server thread/INFO]: Scanning folders...
[18:29:42] [Server thread/INFO]: Total conversion count is 0
[18:29:43] [Server thread/INFO]: Preparing start region for level 0
[18:29:43] [Server thread/INFO]: Changing view distance to 6, from 10
[18:29:44] [Client thread/INFO]: Deleting level TEMP_10000_d5a27466-e65a-4d11-83a5-7bc3010e2827
[18:29:44] [Client thread/INFO]: Attempt 1...
[18:29:44] [Server thread/INFO]: The Explorer[local:E:59f4802e] logged in with entity id 0 at (-324.5, 58.0, 148.5)
[18:29:44] [Server thread/INFO]: The Explorer joined the game
[18:29:44] [Server thread/INFO]: Received mission: §9Goin' Cartin'
[18:29:44] [Server thread/INFO]: Source: §a127.0.0.1
[18:29:45] [Client thread/INFO]: [CHAT] Received mission: §9Goin' Cartin'
[18:29:45] [Client thread/INFO]: [CHAT] Source: §a127.0.0.1
[18:29:47] [Server thread/WARN]: Can't keep up! Did the system time change, or is the server overloaded? Running 2797ms behind, skipping 55 tick(s)
[18:32:03] [Server thread/INFO]: Saving and pausing game...
[18:32:03] [Server thread/INFO]: Saving chunks for level 'TEMP_10000_4747d481-2e92-4002-8a0c-e1c28e668a76'/Overworld
[18:32:03] [Server thread/INFO]: Saving chunks for level 'TEMP_10000_4747d481-2e92-4002-8a0c-e1c28e668a76'/Nether
[18:32:03] [Server thread/INFO]: Saving chunks for level 'TEMP_10000_4747d481-2e92-4002-8a0c-e1c28e668a76'/The End
[18:32:03] [Server thread/INFO]: Stopping server
[18:32:03] [Server thread/INFO]: Saving players
[18:32:03] [Server thread/INFO]: Saving worlds
[18:32:03] [Server thread/INFO]: Saving chunks for level 'TEMP_10000_4747d481-2e92-4002-8a0c-e1c28e668a76'/Overworld
[18:32:03] [Server thread/INFO]: Saving chunks for level 'TEMP_10000_4747d481-2e92-4002-8a0c-e1c28e668a76'/Nether
[18:32:03] [Server thread/INFO]: Saving chunks for level 'TEMP_10000_4747d481-2e92-4002-8a0c-e1c28e668a76'/The End
[18:32:03] [Server thread/INFO]: Starting integrated minecraft server version 1.8
[18:32:03] [Server thread/INFO]: Generating keypair
[18:32:03] [Server thread/INFO]: Converting map!
[18:32:03] [Server thread/INFO]: Scanning folders...
[18:32:03] [Server thread/INFO]: Total conversion count is 0
[18:32:03] [Server thread/WARN]: Unable to find spawn biome
[18:32:04] [Server thread/INFO]: Preparing start region for level 0
[18:32:05] [Server thread/INFO]: Preparing spawn area: 42%
[18:32:06] [Server thread/INFO]: Preparing spawn area: 84%
[18:32:06] [Server thread/INFO]: Changing view distance to 6, from 10
[18:32:06] [Client thread/INFO]: Deleting level TEMP_10000_4747d481-2e92-4002-8a0c-e1c28e668a76
[18:32:06] [Client thread/INFO]: Attempt 1...
[18:32:06] [Server thread/INFO]: Jason Bourne[local:E:0a622b6e] logged in with entity id 11 at (-5.5, 227.0, -7.5)
[18:32:06] [Server thread/INFO]: Jason Bourne joined the game
[18:32:07] [Server thread/INFO]: Received mission: §9Run the maze!
[18:32:07] [Server thread/INFO]: Source: §a127.0.0.1
[18:32:07] [Client thread/INFO]: [CHAT] Received mission: §9Run the maze!
[18:32:07] [Client thread/INFO]: [CHAT] Source: §a127.0.0.1
[18:32:08] [Client thread/INFO]: [CHAT] §l30...
[18:32:08] [Client thread/INFO]: [CHAT] §l29...
[18:32:09] [Client thread/INFO]: [CHAT] §l28...
[18:32:10] [Client thread/INFO]: [CHAT] §l27...
[18:32:11] [Client thread/INFO]: [CHAT] §l26...
[18:32:12] [Client thread/INFO]: [CHAT] §l25...
[18:32:13] [Client thread/INFO]: [CHAT] §l24...
[18:32:14] [Client thread/INFO]: [CHAT] §l23...
[18:32:15] [Client thread/INFO]: [CHAT] §l22...
[18:32:16] [Client thread/INFO]: [CHAT] §l21...
[18:32:17] [Client thread/INFO]: [CHAT] §l20...
[18:32:18] [Client thread/INFO]: [CHAT] §l19...
[18:32:19] [Client thread/INFO]: [CHAT] §l18...
[18:32:21] [Client thread/INFO]: [CHAT] §l17...
[18:32:21] [Client thread/INFO]: [CHAT] §l16...
[18:32:22] [Client thread/INFO]: [CHAT] §l15...
[18:32:23] [Client thread/INFO]: [CHAT] §l14...
[18:32:24] [Client thread/INFO]: [CHAT] §l13...
[18:32:25] [Client thread/INFO]: [CHAT] §l12...
[18:32:26] [Client thread/INFO]: [CHAT] §l11...
[18:32:27] [Client thread/INFO]: [CHAT] §l10...
[18:32:28] [Client thread/INFO]: [CHAT] §l9...
[18:32:29] [Client thread/INFO]: [CHAT] §l8...
[18:32:30] [Client thread/INFO]: [CHAT] §l7...
[18:32:31] [Client thread/INFO]: [CHAT] §l6...
[18:32:32] [Client thread/INFO]: [CHAT] §c§l5...
[18:32:33] [Client thread/INFO]: [CHAT] §c§l4...
[18:32:39] [Server thread/INFO]: Received mission: §9Run the maze!
[18:32:39] [Server thread/INFO]: Source: §a127.0.0.1
[18:32:39] [Client thread/INFO]: [CHAT] Received mission: §9Run the maze!
[18:32:39] [Client thread/INFO]: [CHAT] Source: §a127.0.0.1
[18:32:40] [Client thread/INFO]: [CHAT] §l30...
[18:32:41] [Client thread/INFO]: [CHAT] §l29...
[18:32:42] [Client thread/INFO]: [CHAT] §l28...
[18:32:43] [Client thread/INFO]: [CHAT] §l27...
[18:32:44] [Client thread/INFO]: [CHAT] §l26...
[18:32:46] [Server thread/INFO]: Received mission: §9Run the maze!
[18:32:46] [Server thread/INFO]: Source: §a127.0.0.1
[18:32:46] [Client thread/INFO]: [CHAT] Received mission: §9Run the maze!
[18:32:46] [Client thread/INFO]: [CHAT] Source: §a127.0.0.1
[18:32:47] [Client thread/INFO]: [CHAT] §l30...
[18:32:48] [Client thread/INFO]: [CHAT] §l29...
[18:32:49] [Client thread/INFO]: [CHAT] §l28...
[18:32:50] [Client thread/INFO]: [CHAT] §l27...
[18:32:51] [Client thread/INFO]: [CHAT] §l26...
[18:32:52] [Server thread/INFO]: Received mission: §9Run the maze!
[18:32:52] [Server thread/INFO]: Source: §a127.0.0.1
[18:32:52] [Client thread/INFO]: [CHAT] Received mission: §9Run the maze!
[18:32:52] [Client thread/INFO]: [CHAT] Source: §a127.0.0.1
[18:32:53] [Client thread/INFO]: [CHAT] §l30...
[18:32:54] [Client thread/INFO]: [CHAT] §l29...
[18:32:55] [Client thread/INFO]: [CHAT] §l28...
[18:32:56] [Client thread/INFO]: [CHAT] §l27...
[18:32:57] [Client thread/INFO]: [CHAT] §l26...
[18:32:58] [Client thread/INFO]: [CHAT] §l25...
[18:32:59] [Client thread/INFO]: [CHAT] §l24...
[18:33:00] [Client thread/INFO]: [CHAT] §l23...
[18:33:01] [Client thread/INFO]: [CHAT] §l22...
[18:33:02] [Client thread/INFO]: [CHAT] §l21...
[18:33:03] [Client thread/INFO]: [CHAT] §l20...
[18:33:04] [Client thread/INFO]: [CHAT] §l19...
[18:33:05] [Client thread/INFO]: [CHAT] §l18...
[18:33:06] [Client thread/INFO]: [CHAT] §l17...
[18:33:07] [Client thread/INFO]: [CHAT] §l16...
[18:33:08] [Client thread/INFO]: [CHAT] §l15...
[18:33:09] [Client thread/INFO]: [CHAT] §l14...
[18:33:11] [Client thread/INFO]: [CHAT] §l13...
[18:33:12] [Server thread/INFO]: Received mission: §9Run the maze!
[18:33:12] [Server thread/INFO]: Source: §a127.0.0.1
[18:33:12] [Client thread/INFO]: [CHAT] Received mission: §9Run the maze!
[18:33:12] [Client thread/INFO]: [CHAT] Source: §a127.0.0.1
[18:33:13] [Client thread/INFO]: [CHAT] §l30...
[18:33:14] [Client thread/INFO]: [CHAT] §l29...
[18:33:15] [Client thread/INFO]: [CHAT] §l28...
[18:33:16] [Client thread/INFO]: [CHAT] §l27...
[18:33:17] [Client thread/INFO]: [CHAT] §l26...
[18:33:18] [Server thread/INFO]: Received mission: §9Run the maze!
[18:33:18] [Server thread/INFO]: Source: §a127.0.0.1
[18:33:18] [Client thread/INFO]: [CHAT] Received mission: §9Run the maze!
[18:33:18] [Client thread/INFO]: [CHAT] Source: §a127.0.0.1
[18:33:19] [Client thread/INFO]: [CHAT] §l30...
[18:33:20] [Client thread/INFO]: [CHAT] §l29...
[18:33:21] [Client thread/INFO]: [CHAT] §l28...
[18:33:22] [Client thread/INFO]: [CHAT] §l27...
[18:33:23] [Client thread/INFO]: [CHAT] §l26...
[18:33:24] [Client thread/INFO]: [CHAT] §l25...
[18:33:25] [Client thread/INFO]: [CHAT] §l24...
[18:33:26] [Client thread/INFO]: [CHAT] §l23...
[18:33:27] [Client thread/INFO]: [CHAT] §l22...
[18:33:28] [Client thread/INFO]: [CHAT] §l21...
[18:33:29] [Client thread/INFO]: [CHAT] §l20...
[18:33:30] [Client thread/INFO]: [CHAT] §l19...
[18:33:31] [Client thread/INFO]: [CHAT] §l18...
[18:33:32] [Client thread/INFO]: [CHAT] §l17...
[18:33:33] [Client thread/INFO]: [CHAT] §l16...
[18:33:34] [Client thread/INFO]: [CHAT] §l15...
[18:33:35] [Client thread/INFO]: [CHAT] §l14...
[18:33:36] [Client thread/INFO]: [CHAT] §l13...
[18:33:37] [Client thread/INFO]: [CHAT] §l12...
[18:33:38] [Client thread/INFO]: [CHAT] §l11...
[18:33:39] [Client thread/INFO]: [CHAT] §l10...
[18:33:40] [Client thread/INFO]: [CHAT] §l9...
[18:33:41] [Client thread/INFO]: [CHAT] §l8...
[18:33:42] [Client thread/INFO]: [CHAT] §l7...
[18:33:43] [Client thread/INFO]: [CHAT] §l6...
[18:33:44] [Client thread/INFO]: [CHAT] §c§l5...
[18:33:45] [Client thread/INFO]: [CHAT] §c§l4...
[18:33:46] [Client thread/INFO]: [CHAT] §c§l3...
[18:33:47] [Client thread/INFO]: [CHAT] §c§l2...
[18:33:48] [Client thread/INFO]: [CHAT] §c§l1...
[18:34:00] [Server thread/INFO]: Saving and pausing game...
[18:34:01] [Server thread/INFO]: Saving chunks for level 'TEMP_10000_d7e20001-3d64-429a-bfa9-85312b352129'/Overworld
[18:34:01] [Server thread/INFO]: Saving chunks for level 'TEMP_10000_d7e20001-3d64-429a-bfa9-85312b352129'/Nether
[18:34:01] [Server thread/INFO]: Saving chunks for level 'TEMP_10000_d7e20001-3d64-429a-bfa9-85312b352129'/The End
[18:34:01] [Server thread/INFO]: Stopping server
[18:34:01] [Server thread/INFO]: Saving players
[18:34:01] [Server thread/INFO]: Saving worlds
[18:34:01] [Server thread/INFO]: Saving chunks for level 'TEMP_10000_d7e20001-3d64-429a-bfa9-85312b352129'/Overworld
[18:34:01] [Server thread/INFO]: Saving chunks for level 'TEMP_10000_d7e20001-3d64-429a-bfa9-85312b352129'/Nether
[18:34:01] [Server thread/INFO]: Saving chunks for level 'TEMP_10000_d7e20001-3d64-429a-bfa9-85312b352129'/The End
[18:34:01] [Server thread/INFO]: Starting integrated minecraft server version 1.8
[18:34:01] [Server thread/INFO]: Generating keypair
[18:34:01] [Server thread/INFO]: Converting map!
[18:34:01] [Server thread/INFO]: Scanning folders...
[18:34:01] [Server thread/INFO]: Total conversion count is 0
[18:34:01] [Server thread/WARN]: Unable to find spawn biome
[18:34:03] [Server thread/INFO]: Preparing start region for level 0
[18:34:04] [Server thread/INFO]: Preparing spawn area: 50%
[18:34:05] [Server thread/INFO]: Preparing spawn area: 86%
[18:34:05] [Server thread/INFO]: Changing view distance to 6, from 10
[18:34:06] [Client thread/INFO]: Deleting level TEMP_10000_d7e20001-3d64-429a-bfa9-85312b352129
[18:34:06] [Client thread/INFO]: Attempt 1...
[18:34:06] [Server thread/INFO]: The Explorer[local:E:1f5c2bce] logged in with entity id 13 at (-1145.5, 56.0, -1055.5)
[18:34:06] [Server thread/INFO]: The Explorer joined the game
[18:34:06] [Server thread/INFO]: Received mission: §9It's Fun To Build Things!
[18:34:06] [Server thread/INFO]: Source: §a127.0.0.1
[18:34:06] [Client thread/INFO]: [CHAT] Received mission: §9It's Fun To Build Things!
[18:34:06] [Client thread/INFO]: [CHAT] Source: §a127.0.0.1
[18:34:08] [Client thread/INFO]: [CHAT] §c§l1...
[18:34:08] [Client thread/INFO]: [CHAT] §c§l0...
[18:34:23] [Server thread/INFO]: The Explorer fell from a high place
[18:34:23] [Client thread/INFO]: [CHAT] The Explorer fell from a high place
[18:34:42] [Server thread/INFO]: Saving and pausing game...
[18:34:42] [Server thread/INFO]: Saving chunks for level 'TEMP_10000_6f77868c-af4f-4f88-af98-931e4a69b619'/Overworld
[18:34:42] [Server thread/INFO]: Saving chunks for level 'TEMP_10000_6f77868c-af4f-4f88-af98-931e4a69b619'/Nether
[18:34:42] [Server thread/INFO]: Saving chunks for level 'TEMP_10000_6f77868c-af4f-4f88-af98-931e4a69b619'/The End
[18:34:42] [Server thread/INFO]: Stopping server
[18:34:42] [Server thread/INFO]: Saving players
[18:34:42] [Server thread/INFO]: Saving worlds
[18:34:42] [Server thread/INFO]: Saving chunks for level 'TEMP_10000_6f77868c-af4f-4f88-af98-931e4a69b619'/Overworld
[18:34:42] [Server thread/INFO]: Saving chunks for level 'TEMP_10000_6f77868c-af4f-4f88-af98-931e4a69b619'/Nether
[18:34:42] [Server thread/INFO]: Saving chunks for level 'TEMP_10000_6f77868c-af4f-4f88-af98-931e4a69b619'/The End
[18:34:44] [Server thread/INFO]: Starting integrated minecraft server version 1.8
[18:34:44] [Server thread/INFO]: Generating keypair
[18:34:44] [Server thread/INFO]: Converting map!
[18:34:44] [Server thread/INFO]: Scanning folders...
[18:34:44] [Server thread/INFO]: Total conversion count is 0
[18:34:44] [Server thread/WARN]: Unable to find spawn biome
[18:34:44] [Server thread/INFO]: Preparing start region for level 0
[18:34:45] [Server thread/INFO]: Preparing spawn area: 42%
[18:34:46] [Server thread/INFO]: Preparing spawn area: 82%
[18:34:47] [Server thread/INFO]: Changing view distance to 6, from 10
[18:34:47] [Client thread/INFO]: Deleting level TEMP_10000_6f77868c-af4f-4f88-af98-931e4a69b619
[18:34:47] [Client thread/INFO]: Attempt 1...
[18:34:47] [Server thread/INFO]: James Bond[local:E:12138227] logged in with entity id 1058 at (-6.5, 227.0, -9.5)
[18:34:47] [Server thread/INFO]: James Bond joined the game
[18:34:47] [Server thread/INFO]: Received mission: §9Run the maze!
[18:34:47] [Server thread/INFO]: Source: §a127.0.0.1
[18:34:47] [Client thread/INFO]: [CHAT] Received mission: §9Run the maze!
[18:34:47] [Client thread/INFO]: [CHAT] Source: §a127.0.0.1
[18:34:54] [Server thread/WARN]: Can't keep up! Did the system time change, or is the server overloaded? Running 6878ms behind, skipping 137 tick(s)
[18:34:54] [Client thread/INFO]: [CHAT] §l45...
[18:34:55] [Client thread/INFO]: [CHAT] §l44...
[18:34:56] [Client thread/INFO]: [CHAT] §l43...
[18:34:57] [Client thread/INFO]: [CHAT] §l42...
[18:34:58] [Client thread/INFO]: [CHAT] §l41...
[18:34:59] [Client thread/INFO]: [CHAT] §l40...
[18:35:00] [Client thread/INFO]: [CHAT] §l39...
[18:35:01] [Client thread/INFO]: [CHAT] §l38...
[18:35:02] [Client thread/INFO]: [CHAT] §l37...
[18:35:03] [Client thread/INFO]: [CHAT] §l36...
[18:35:04] [Client thread/INFO]: [CHAT] §l35...
[18:35:05] [Client thread/INFO]: [CHAT] §l34...
[18:35:06] [Client thread/INFO]: [CHAT] §l33...
[18:35:07] [Client thread/INFO]: [CHAT] §l32...
[18:35:08] [Client thread/INFO]: [CHAT] §l31...
[18:35:09] [Client thread/INFO]: [CHAT] §l30...
[18:35:10] [Client thread/INFO]: [CHAT] §l29...
[18:35:11] [Client thread/INFO]: [CHAT] §l28...
[18:35:12] [Client thread/INFO]: [CHAT] §l27...
[18:35:13] [Client thread/INFO]: [CHAT] §l26...
[18:35:14] [Client thread/INFO]: [CHAT] §l25...
[18:35:15] [Client thread/INFO]: [CHAT] §l24...
[18:35:17] [Server thread/INFO]: Received mission: §9Run the maze!
[18:35:17] [Server thread/INFO]: Source: §a127.0.0.1
[18:35:17] [Client thread/INFO]: [CHAT] Received mission: §9Run the maze!
[18:35:17] [Client thread/INFO]: [CHAT] Source: §a127.0.0.1
[18:35:19] [Client thread/INFO]: [CHAT] §l45...
[18:35:20] [Client thread/INFO]: [CHAT] §l44...
[18:35:21] [Client thread/INFO]: [CHAT] §l43...
[18:35:22] [Client thread/INFO]: [CHAT] §l42...
[18:35:23] [Client thread/INFO]: [CHAT] §l41...
[18:35:24] [Client thread/INFO]: [CHAT] §l40...
[18:35:25] [Client thread/INFO]: [CHAT] §l39...
[18:35:26] [Client thread/INFO]: [CHAT] §l38...
[18:35:27] [Client thread/INFO]: [CHAT] §l37...
[18:35:28] [Client thread/INFO]: [CHAT] §l36...
[18:35:29] [Client thread/INFO]: [CHAT] §l35...
[18:35:30] [Client thread/INFO]: [CHAT] §l34...
[18:35:31] [Client thread/INFO]: [CHAT] §l33...
[18:35:32] [Client thread/INFO]: [CHAT] §l32...
[18:35:33] [Client thread/INFO]: [CHAT] §l31...
[18:35:34] [Client thread/INFO]: [CHAT] §l30...
[18:35:35] [Client thread/INFO]: [CHAT] §l29...
[18:35:36] [Client thread/INFO]: [CHAT] §l28...
[18:35:37] [Client thread/INFO]: [CHAT] §l27...
[18:35:38] [Client thread/INFO]: [CHAT] §l26...
[18:35:39] [Client thread/INFO]: [CHAT] §l25...
[18:35:40] [Client thread/INFO]: [CHAT] §l24...
[18:35:41] [Client thread/INFO]: [CHAT] §l23...
[18:35:42] [Client thread/INFO]: [CHAT] §l22...
[18:35:43] [Client thread/INFO]: [CHAT] §l21...
[18:35:44] [Client thread/INFO]: [CHAT] §l20...
[18:35:45] [Client thread/INFO]: [CHAT] §l19...
[18:35:46] [Client thread/INFO]: [CHAT] §l18...
[18:35:47] [Client thread/INFO]: [CHAT] §l17...
[18:35:48] [Client thread/INFO]: [CHAT] §l16...
[18:35:49] [Client thread/INFO]: [CHAT] §l15...
[18:35:50] [Client thread/INFO]: [CHAT] §l14...
[18:35:51] [Client thread/INFO]: [CHAT] §l13...
[18:35:52] [Client thread/INFO]: [CHAT] §l12...
[18:35:53] [Client thread/INFO]: [CHAT] §l11...
[18:35:54] [Client thread/INFO]: [CHAT] §l10...
[18:35:55] [Client thread/INFO]: [CHAT] §l9...
[18:35:56] [Client thread/INFO]: [CHAT] §l8...
[18:35:57] [Client thread/INFO]: [CHAT] §l7...
[18:35:58] [Client thread/INFO]: [CHAT] §l6...
[18:35:59] [Server thread/INFO]: Received mission: §9Run the maze!
[18:35:59] [Server thread/INFO]: Source: §a127.0.0.1
[18:35:59] [Client thread/INFO]: [CHAT] Received mission: §9Run the maze!
[18:35:59] [Client thread/INFO]: [CHAT] Source: §a127.0.0.1
[18:36:03] [Server thread/WARN]: Can't keep up! Did the system time change, or is the server overloaded? Running 4565ms behind, skipping 91 tick(s)
[18:36:04] [Client thread/INFO]: [CHAT] §l45...
[18:36:05] [Client thread/INFO]: [CHAT] §l44...
[18:36:06] [Client thread/INFO]: [CHAT] §l43...
[18:36:07] [Client thread/INFO]: [CHAT] §l42...
[18:36:08] [Client thread/INFO]: [CHAT] §l41...
[18:36:09] [Client thread/INFO]: [CHAT] §l40...
[18:36:10] [Client thread/INFO]: [CHAT] §l39...
[18:36:11] [Client thread/INFO]: [CHAT] §l38...
[18:36:12] [Client thread/INFO]: [CHAT] §l37...
[18:36:13] [Client thread/INFO]: [CHAT] §l36...
[18:36:14] [Client thread/INFO]: [CHAT] §l35...
[18:36:15] [Client thread/INFO]: [CHAT] §l34...
[18:36:16] [Client thread/INFO]: [CHAT] §l33...
[18:36:17] [Client thread/INFO]: [CHAT] §l32...
[18:36:18] [Client thread/INFO]: [CHAT] §l31...
[18:36:19] [Client thread/INFO]: [CHAT] §l30...
[18:36:20] [Server thread/INFO]: Received mission: §9Run the maze!
[18:36:20] [Server thread/INFO]: Source: §a127.0.0.1
[18:36:20] [Client thread/INFO]: [CHAT] Received mission: §9Run the maze!
[18:36:20] [Client thread/INFO]: [CHAT] Source: §a127.0.0.1
[18:36:21] [Client thread/INFO]: [CHAT] §l45...
[18:36:22] [Client thread/INFO]: [CHAT] §l44...
[18:36:23] [Client thread/INFO]: [CHAT] §l43...
[18:36:24] [Client thread/INFO]: [CHAT] §l42...
[18:36:25] [Client thread/INFO]: [CHAT] §l41...
[18:36:26] [Client thread/INFO]: [CHAT] §l40...
[18:36:27] [Client thread/INFO]: [CHAT] §l39...
[18:36:28] [Client thread/INFO]: [CHAT] §l38...
[18:36:29] [Client thread/INFO]: [CHAT] §l37...
[18:36:30] [Client thread/INFO]: [CHAT] §l36...
[18:36:31] [Client thread/INFO]: [CHAT] §l35...
[18:36:32] [Client thread/INFO]: [CHAT] §l34...
[18:36:33] [Client thread/INFO]: [CHAT] §l33...
[18:36:34] [Client thread/INFO]: [CHAT] §l32...
[18:36:35] [Client thread/INFO]: [CHAT] §l31...
[18:36:36] [Client thread/INFO]: [CHAT] §l30...
[18:36:37] [Client thread/INFO]: [CHAT] §l29...
[18:36:38] [Client thread/INFO]: [CHAT] §l28...
[18:36:39] [Client thread/INFO]: [CHAT] §l27...
[18:36:40] [Client thread/INFO]: [CHAT] §l26...
[18:36:41] [Client thread/INFO]: [CHAT] §l25...
[18:36:42] [Client thread/INFO]: [CHAT] §l24...
[18:36:43] [Client thread/INFO]: [CHAT] §l23...
[18:36:44] [Client thread/INFO]: [CHAT] §l22...
[18:36:45] [Client thread/INFO]: [CHAT] §l21...
[18:36:46] [Client thread/INFO]: [CHAT] §l20...
[18:36:47] [Client thread/INFO]: [CHAT] §l19...
[18:36:48] [Client thread/INFO]: [CHAT] §l18...
[18:36:49] [Client thread/INFO]: [CHAT] §l17...
[18:36:50] [Client thread/INFO]: [CHAT] §l16...
[18:36:51] [Server thread/INFO]: Received mission: §9Run the maze!
[18:36:51] [Server thread/INFO]: Source: §a127.0.0.1
[18:36:51] [Client thread/INFO]: [CHAT] Received mission: §9Run the maze!
[18:36:51] [Client thread/INFO]: [CHAT] Source: §a127.0.0.1
[18:37:00] [Server thread/WARN]: Can't keep up! Did the system time change, or is the server overloaded? Running 8881ms behind, skipping 177 tick(s)
[18:37:00] [Client thread/INFO]: [CHAT] §l45...
[18:37:01] [Client thread/INFO]: [CHAT] §l44...
[18:37:02] [Client thread/INFO]: [CHAT] §l43...
[18:37:03] [Client thread/INFO]: [CHAT] §l42...
[18:37:04] [Client thread/INFO]: [CHAT] §l41...
[18:37:05] [Client thread/INFO]: [CHAT] §l40...
[18:37:06] [Client thread/INFO]: [CHAT] §l39...
[18:37:07] [Client thread/INFO]: [CHAT] §l38...
[18:38:09] [Server thread/INFO]: James Bond has just earned the achievement [Taking Inventory]
[18:38:09] [Client thread/INFO]: [CHAT] James Bond has just earned the achievement [Taking Inventory]
[18:39:18] [Server thread/INFO]: Saving and pausing game...
[18:39:18] [Server thread/INFO]: Saving chunks for level 'TEMP_10000_47f5e965-c156-4345-83b9-f483b8e0fa63'/Overworld
[18:39:18] [Server thread/INFO]: Saving chunks for level 'TEMP_10000_47f5e965-c156-4345-83b9-f483b8e0fa63'/Nether
[18:39:18] [Server thread/INFO]: Saving chunks for level 'TEMP_10000_47f5e965-c156-4345-83b9-f483b8e0fa63'/The End
[18:39:19] [Server thread/INFO]: Stopping server
[18:39:19] [Server thread/INFO]: Saving players
[18:39:19] [Server thread/INFO]: Saving worlds
[18:39:19] [Server thread/INFO]: Saving chunks for level 'TEMP_10000_47f5e965-c156-4345-83b9-f483b8e0fa63'/Overworld
[18:39:19] [Server thread/INFO]: Saving chunks for level 'TEMP_10000_47f5e965-c156-4345-83b9-f483b8e0fa63'/Nether
[18:39:19] [Server thread/INFO]: Saving chunks for level 'TEMP_10000_47f5e965-c156-4345-83b9-f483b8e0fa63'/The End
[18:39:19] [Server thread/INFO]: Starting integrated minecraft server version 1.8
[18:39:19] [Server thread/INFO]: Generating keypair
[18:39:19] [Server thread/INFO]: Converting map!
[18:39:19] [Server thread/INFO]: Scanning folders...
[18:39:19] [Server thread/INFO]: Total conversion count is 0
[18:39:19] [Server thread/WARN]: Unable to find spawn biome
[18:39:20] [Server thread/INFO]: Preparing start region for level 0
[18:39:20] [Server thread/INFO]: Changing view distance to 6, from 10
[18:39:20] [Client thread/INFO]: Deleting level TEMP_10000_47f5e965-c156-4345-83b9-f483b8e0fa63
[18:39:20] [Client thread/INFO]: Attempt 1...
[18:39:20] [Server thread/INFO]: Han van Meegeren[local:E:8ffc0e7f] logged in with entity id 1060 at (-419.5, 1.0, 704.5)
[18:39:20] [Server thread/INFO]: Han van Meegeren joined the game
[18:39:21] [Server thread/INFO]: Received mission: §9Test build battles
[18:39:21] [Server thread/INFO]: Source: §a127.0.0.1
[18:39:21] [Client thread/INFO]: [CHAT] Received mission: §9Test build battles
[18:39:21] [Client thread/INFO]: [CHAT] Source: §a127.0.0.1
[18:39:21] [Client thread/INFO]: [CHAT] §l25...
[18:39:22] [Client thread/INFO]: [CHAT] §l24...
[18:39:23] [Client thread/INFO]: [CHAT] §l23...
[18:39:24] [Client thread/INFO]: [CHAT] §l22...
[18:39:25] [Client thread/INFO]: [CHAT] §l21...
[18:39:26] [Client thread/INFO]: [CHAT] §l20...
[18:39:27] [Client thread/INFO]: [CHAT] §l19...
[18:39:28] [Client thread/INFO]: [CHAT] §l18...
[18:39:29] [Client thread/INFO]: [CHAT] §l17...
[18:39:30] [Client thread/INFO]: [CHAT] §l16...
[18:39:31] [Client thread/INFO]: [CHAT] §l15...
[18:39:34] [Server thread/INFO]: Received mission: §9Test build battles
[18:39:34] [Server thread/INFO]: Source: §a127.0.0.1
[18:39:34] [Client thread/INFO]: [CHAT] Received mission: §9Test build battles
[18:39:34] [Client thread/INFO]: [CHAT] Source: §a127.0.0.1
[18:39:34] [Client thread/INFO]: [CHAT] §l25...
[18:39:35] [Client thread/INFO]: [CHAT] §l24...
[18:39:36] [Client thread/INFO]: [CHAT] §l23...
[18:39:37] [Client thread/INFO]: [CHAT] §l22...
[18:39:38] [Client thread/INFO]: [CHAT] §l21...
[18:39:39] [Client thread/INFO]: [CHAT] §l20...
[18:39:40] [Client thread/INFO]: [CHAT] §l19...
[18:39:41] [Client thread/INFO]: [CHAT] §l18...
[18:39:42] [Client thread/INFO]: [CHAT] §l17...
[18:39:45] [Server thread/INFO]: Received mission: §9Test build battles
[18:39:45] [Server thread/INFO]: Source: §a127.0.0.1
[18:39:45] [Client thread/INFO]: [CHAT] Received mission: §9Test build battles
[18:39:45] [Client thread/INFO]: [CHAT] Source: §a127.0.0.1
[18:39:45] [Client thread/INFO]: [CHAT] §l25...
[18:39:46] [Client thread/INFO]: [CHAT] §l24...
[18:39:47] [Client thread/INFO]: [CHAT] §l23...
[18:39:48] [Client thread/INFO]: [CHAT] §l22...
[18:39:49] [Client thread/INFO]: [CHAT] §l21...
[18:39:50] [Client thread/INFO]: [CHAT] §l20...
[18:39:51] [Client thread/INFO]: [CHAT] §l19...
[18:39:52] [Client thread/INFO]: [CHAT] §l18...
[18:39:53] [Client thread/INFO]: [CHAT] §l17...
[18:39:54] [Client thread/INFO]: [CHAT] §l16...
[18:39:55] [Client thread/INFO]: [CHAT] §l15...
[18:39:56] [Client thread/INFO]: [CHAT] §l14...
[18:39:59] [Server thread/INFO]: Received mission: §9Test build battles
[18:39:59] [Server thread/INFO]: Source: §a127.0.0.1
[18:39:59] [Client thread/INFO]: [CHAT] Received mission: §9Test build battles
[18:39:59] [Client thread/INFO]: [CHAT] Source: §a127.0.0.1
[18:39:59] [Client thread/INFO]: [CHAT] §l25...
[18:40:00] [Client thread/INFO]: [CHAT] §l24...
[18:40:01] [Client thread/INFO]: [CHAT] §l23...
[18:40:02] [Client thread/INFO]: [CHAT] §l22...
[18:40:03] [Client thread/INFO]: [CHAT] §l21...
[18:40:04] [Client thread/INFO]: [CHAT] §l20...
[18:40:05] [Client thread/INFO]: [CHAT] §l19...
[18:40:06] [Client thread/INFO]: [CHAT] §l18...
[18:40:07] [Client thread/INFO]: [CHAT] §l17...
[18:40:08] [Client thread/INFO]: [CHAT] §l16...
[18:40:11] [Server thread/INFO]: Received mission: §9Test build battles
[18:40:11] [Server thread/INFO]: Source: §a127.0.0.1
[18:40:11] [Client thread/INFO]: [CHAT] Received mission: §9Test build battles
[18:40:11] [Client thread/INFO]: [CHAT] Source: §a127.0.0.1
[18:40:12] [Client thread/INFO]: [CHAT] §l25...
[18:40:13] [Client thread/INFO]: [CHAT] §l24...
[18:40:14] [Client thread/INFO]: [CHAT] §l23...
[18:40:15] [Client thread/INFO]: [CHAT] §l22...
[18:40:16] [Client thread/INFO]: [CHAT] §l21...
[18:40:17] [Client thread/INFO]: [CHAT] §l20...
[18:40:18] [Client thread/INFO]: [CHAT] §l19...
[18:40:19] [Client thread/INFO]: [CHAT] §l18...
[18:40:20] [Client thread/INFO]: [CHAT] §l17...
[18:40:21] [Client thread/INFO]: [CHAT] §l16...
[18:40:22] [Client thread/INFO]: [CHAT] §l15...
[18:40:24] [Server thread/INFO]: Received mission: §9Test build battles
[18:40:24] [Server thread/INFO]: Source: §a127.0.0.1
[18:40:24] [Client thread/INFO]: [CHAT] Received mission: §9Test build battles
[18:40:24] [Client thread/INFO]: [CHAT] Source: §a127.0.0.1
[18:40:25] [Client thread/INFO]: [CHAT] §l25...
[18:40:26] [Client thread/INFO]: [CHAT] §l24...
[18:40:27] [Client thread/INFO]: [CHAT] §l23...
[18:40:28] [Client thread/INFO]: [CHAT] §l22...
[18:40:29] [Client thread/INFO]: [CHAT] §l21...
[18:40:30] [Client thread/INFO]: [CHAT] §l20...
[18:40:31] [Client thread/INFO]: [CHAT] §l19...
[18:40:32] [Client thread/INFO]: [CHAT] §l18...
[18:40:33] [Client thread/INFO]: [CHAT] §l17...
[18:40:34] [Client thread/INFO]: [CHAT] §l16...
[18:40:37] [Server thread/INFO]: Received mission: §9Test build battles
[18:40:37] [Server thread/INFO]: Source: §a127.0.0.1
[18:40:37] [Client thread/INFO]: [CHAT] Received mission: §9Test build battles
[18:40:37] [Client thread/INFO]: [CHAT] Source: §a127.0.0.1
[18:40:37] [Client thread/INFO]: [CHAT] §l25...
[18:40:38] [Client thread/INFO]: [CHAT] §l24...
[18:40:39] [Client thread/INFO]: [CHAT] §l23...
[18:40:40] [Client thread/INFO]: [CHAT] §l22...
[18:40:41] [Client thread/INFO]: [CHAT] §l21...
[18:40:42] [Client thread/INFO]: [CHAT] §l20...
[18:40:43] [Client thread/INFO]: [CHAT] §l19...
[18:40:44] [Client thread/INFO]: [CHAT] §l18...
[18:40:45] [Client thread/INFO]: [CHAT] §l17...
[18:40:46] [Client thread/INFO]: [CHAT] §l16...
[18:40:47] [Client thread/INFO]: [CHAT] §l15...
[18:40:50] [Server thread/INFO]: Received mission: §9Test build battles
[18:40:50] [Server thread/INFO]: Source: §a127.0.0.1
[18:40:50] [Client thread/INFO]: [CHAT] Received mission: §9Test build battles
[18:40:50] [Client thread/INFO]: [CHAT] Source: §a127.0.0.1
[18:40:50] [Client thread/INFO]: [CHAT] §l25...
[18:40:51] [Client thread/INFO]: [CHAT] §l24...
[18:40:52] [Client thread/INFO]: [CHAT] §l23...
[18:40:53] [Client thread/INFO]: [CHAT] §l22...
[18:40:54] [Client thread/INFO]: [CHAT] §l21...
[18:40:55] [Client thread/INFO]: [CHAT] §l20...
[18:40:56] [Client thread/INFO]: [CHAT] §l19...
[18:40:57] [Client thread/INFO]: [CHAT] §l18...
[18:40:58] [Client thread/INFO]: [CHAT] §l17...
[18:40:59] [Client thread/INFO]: [CHAT] §l16...
[18:41:02] [Server thread/INFO]: Received mission: §9Test build battles
[18:41:02] [Server thread/INFO]: Source: §a127.0.0.1
[18:41:02] [Client thread/INFO]: [CHAT] Received mission: §9Test build battles
[18:41:02] [Client thread/INFO]: [CHAT] Source: §a127.0.0.1
[18:41:03] [Client thread/INFO]: [CHAT] §l25...
[18:41:04] [Client thread/INFO]: [CHAT] §l24...
[18:41:05] [Client thread/INFO]: [CHAT] §l23...
[18:41:06] [Client thread/INFO]: [CHAT] §l22...
[18:41:07] [Client thread/INFO]: [CHAT] §l21...
[18:41:08] [Client thread/INFO]: [CHAT] §l20...
[18:41:09] [Client thread/INFO]: [CHAT] §l19...
[18:41:10] [Client thread/INFO]: [CHAT] §l18...
[18:41:11] [Client thread/INFO]: [CHAT] §l17...
[18:41:14] [Server thread/INFO]: Received mission: §9Test build battles
[18:41:14] [Server thread/INFO]: Source: §a127.0.0.1
[18:41:14] [Client thread/INFO]: [CHAT] Received mission: §9Test build battles
[18:41:14] [Client thread/INFO]: [CHAT] Source: §a127.0.0.1
[18:41:14] [Client thread/INFO]: [CHAT] §l25...
[18:41:15] [Client thread/INFO]: [CHAT] §l24...
[18:41:16] [Client thread/INFO]: [CHAT] §l23...
[18:41:17] [Client thread/INFO]: [CHAT] §l22...
[18:41:18] [Client thread/INFO]: [CHAT] §l21...
[18:41:19] [Client thread/INFO]: [CHAT] §l20...
[18:41:20] [Client thread/INFO]: [CHAT] §l19...
[18:41:21] [Client thread/INFO]: [CHAT] §l18...
[18:41:22] [Client thread/INFO]: [CHAT] §l17...
[18:41:23] [Client thread/INFO]: [CHAT] §l16...
[18:41:26] [Server thread/INFO]: Received mission: §9Test build battles
[18:41:26] [Server thread/INFO]: Source: §a127.0.0.1
[18:41:26] [Client thread/INFO]: [CHAT] Received mission: §9Test build battles
[18:41:26] [Client thread/INFO]: [CHAT] Source: §a127.0.0.1
[18:41:26] [Client thread/INFO]: [CHAT] §l25...
[18:41:27] [Client thread/INFO]: [CHAT] §l24...
[18:41:28] [Client thread/INFO]: [CHAT] §l23...
[18:41:29] [Client thread/INFO]: [CHAT] §l22...
[18:41:30] [Client thread/INFO]: [CHAT] §l21...
[18:41:31] [Client thread/INFO]: [CHAT] §l20...
[18:41:32] [Client thread/INFO]: [CHAT] §l19...
[18:41:33] [Client thread/INFO]: [CHAT] §l18...
[18:41:34] [Client thread/INFO]: [CHAT] §l17...
[18:41:35] [Client thread/INFO]: [CHAT] §l16...
[18:41:38] [Server thread/INFO]: Received mission: §9Test build battles
[18:41:38] [Server thread/INFO]: Source: §a127.0.0.1
[18:41:38] [Client thread/INFO]: [CHAT] Received mission: §9Test build battles
[18:41:38] [Client thread/INFO]: [CHAT] Source: §a127.0.0.1
[18:41:39] [Client thread/INFO]: [CHAT] §l25...
[18:41:40] [Client thread/INFO]: [CHAT] §l24...
[18:41:41] [Client thread/INFO]: [CHAT] §l23...
[18:41:42] [Client thread/INFO]: [CHAT] §l22...
[18:41:43] [Client thread/INFO]: [CHAT] §l21...
[18:41:44] [Client thread/INFO]: [CHAT] §l20...
[18:41:45] [Client thread/INFO]: [CHAT] §l19...
[18:41:46] [Client thread/INFO]: [CHAT] §l18...
[18:41:47] [Client thread/INFO]: [CHAT] §l17...
[18:41:48] [Client thread/INFO]: [CHAT] §l16...
[18:41:50] [Server thread/INFO]: Received mission: §9Test build battles
[18:41:50] [Server thread/INFO]: Source: §a127.0.0.1
[18:41:50] [Client thread/INFO]: [CHAT] Received mission: §9Test build battles
[18:41:50] [Client thread/INFO]: [CHAT] Source: §a127.0.0.1
[18:41:51] [Client thread/INFO]: [CHAT] §l25...
[18:41:52] [Client thread/INFO]: [CHAT] §l24...
[18:41:53] [Client thread/INFO]: [CHAT] §l23...
[18:41:54] [Client thread/INFO]: [CHAT] §l22...
[18:41:55] [Client thread/INFO]: [CHAT] §l21...
[18:41:56] [Client thread/INFO]: [CHAT] §l20...
[18:41:57] [Client thread/INFO]: [CHAT] §l19...
[18:41:58] [Client thread/INFO]: [CHAT] §l18...
[18:41:59] [Client thread/INFO]: [CHAT] §l17...
[18:42:00] [Client thread/INFO]: [CHAT] §l16...
[18:42:01] [Client thread/INFO]: [CHAT] §l15...
[18:42:02] [Client thread/INFO]: [CHAT] §l14...
[18:42:04] [Server thread/INFO]: Received mission: §9Test build battles
[18:42:04] [Server thread/INFO]: Source: §a127.0.0.1
[18:42:04] [Client thread/INFO]: [CHAT] Received mission: §9Test build battles
[18:42:04] [Client thread/INFO]: [CHAT] Source: §a127.0.0.1
[18:42:04] [Client thread/INFO]: [CHAT] §l25...
[18:42:05] [Client thread/INFO]: [CHAT] §l24...
[18:42:06] [Client thread/INFO]: [CHAT] §l23...
[18:42:07] [Client thread/INFO]: [CHAT] §l22...
[18:42:08] [Client thread/INFO]: [CHAT] §l21...
[18:42:09] [Client thread/INFO]: [CHAT] §l20...
[18:42:10] [Client thread/INFO]: [CHAT] §l19...
[18:42:11] [Client thread/INFO]: [CHAT] §l18...
[18:42:12] [Client thread/INFO]: [CHAT] §l17...
[18:42:13] [Client thread/INFO]: [CHAT] §l16...
[18:42:14] [Client thread/INFO]: [CHAT] §l15...
[18:42:17] [Server thread/INFO]: Received mission: §9Test build battles
[18:42:17] [Server thread/INFO]: Source: §a127.0.0.1
[18:42:17] [Client thread/INFO]: [CHAT] Received mission: §9Test build battles
[18:42:17] [Client thread/INFO]: [CHAT] Source: §a127.0.0.1
[18:42:18] [Client thread/INFO]: [CHAT] §l25...
[18:42:19] [Client thread/INFO]: [CHAT] §l24...
[18:42:20] [Client thread/INFO]: [CHAT] §l23...
[18:42:21] [Client thread/INFO]: [CHAT] §l22...
[18:42:22] [Client thread/INFO]: [CHAT] §l21...
[18:42:23] [Client thread/INFO]: [CHAT] §l20...
[18:42:24] [Client thread/INFO]: [CHAT] §l19...
[18:42:25] [Client thread/INFO]: [CHAT] §l18...
[18:42:26] [Client thread/INFO]: [CHAT] §l17...
[18:42:27] [Client thread/INFO]: [CHAT] §l16...
[18:42:29] [Server thread/INFO]: Received mission: §9Test build battles
[18:42:29] [Server thread/INFO]: Source: §a127.0.0.1
[18:42:29] [Client thread/INFO]: [CHAT] Received mission: §9Test build battles
[18:42:29] [Client thread/INFO]: [CHAT] Source: §a127.0.0.1
[18:42:30] [Client thread/INFO]: [CHAT] §l25...
[18:42:31] [Client thread/INFO]: [CHAT] §l24...
[18:42:32] [Client thread/INFO]: [CHAT] §l23...
[18:42:33] [Client thread/INFO]: [CHAT] §l22...
[18:42:34] [Client thread/INFO]: [CHAT] §l21...
[18:42:35] [Client thread/INFO]: [CHAT] §l20...
[18:42:36] [Client thread/INFO]: [CHAT] §l19...
[18:42:37] [Client thread/INFO]: [CHAT] §l18...
[18:42:38] [Client thread/INFO]: [CHAT] §l17...
[18:42:39] [Client thread/INFO]: [CHAT] §l16...
[18:42:40] [Client thread/INFO]: [CHAT] §l15...
[18:42:43] [Server thread/INFO]: Received mission: §9Test build battles
[18:42:43] [Server thread/INFO]: Source: §a127.0.0.1
[18:42:43] [Client thread/INFO]: [CHAT] Received mission: §9Test build battles
[18:42:43] [Client thread/INFO]: [CHAT] Source: §a127.0.0.1
[18:42:43] [Client thread/INFO]: [CHAT] §l25...
[18:42:44] [Client thread/INFO]: [CHAT] §l24...
[18:42:45] [Client thread/INFO]: [CHAT] §l23...
[18:42:46] [Client thread/INFO]: [CHAT] §l22...
[18:42:47] [Client thread/INFO]: [CHAT] §l21...
[18:42:48] [Client thread/INFO]: [CHAT] §l20...
[18:42:49] [Client thread/INFO]: [CHAT] §l19...
[18:42:50] [Client thread/INFO]: [CHAT] §l18...
[18:42:51] [Client thread/INFO]: [CHAT] §l17...
[18:42:52] [Client thread/INFO]: [CHAT] §l16...
[18:42:53] [Client thread/INFO]: [CHAT] §l15...
[18:42:54] [Client thread/INFO]: [CHAT] §l14...
[18:42:57] [Server thread/INFO]: Received mission: §9Test build battles
[18:42:57] [Server thread/INFO]: Source: §a127.0.0.1
[18:42:57] [Client thread/INFO]: [CHAT] Received mission: §9Test build battles
[18:42:57] [Client thread/INFO]: [CHAT] Source: §a127.0.0.1
[18:42:57] [Client thread/INFO]: [CHAT] §l25...
[18:42:58] [Client thread/INFO]: [CHAT] §l24...
[18:42:59] [Client thread/INFO]: [CHAT] §l23...
[18:43:00] [Client thread/INFO]: [CHAT] §l22...
[18:43:01] [Client thread/INFO]: [CHAT] §l21...
[18:43:02] [Client thread/INFO]: [CHAT] §l20...
[18:43:03] [Client thread/INFO]: [CHAT] §l19...
[18:43:04] [Client thread/INFO]: [CHAT] §l18...
[18:43:05] [Client thread/INFO]: [CHAT] §l17...
[18:43:06] [Client thread/INFO]: [CHAT] §l16...
[18:43:07] [Client thread/INFO]: [CHAT] §l15...
[18:43:10] [Server thread/INFO]: Received mission: §9Test build battles
[18:43:10] [Server thread/INFO]: Source: §a127.0.0.1
[18:43:10] [Client thread/INFO]: [CHAT] Received mission: §9Test build battles
[18:43:10] [Client thread/INFO]: [CHAT] Source: §a127.0.0.1
[18:43:11] [Client thread/INFO]: [CHAT] §l25...
[18:43:12] [Client thread/INFO]: [CHAT] §l24...
[18:43:13] [Client thread/INFO]: [CHAT] §l23...
[18:43:14] [Client thread/INFO]: [CHAT] §l22...
[18:43:15] [Client thread/INFO]: [CHAT] §l21...
[18:43:16] [Client thread/INFO]: [CHAT] §l20...
[18:43:17] [Client thread/INFO]: [CHAT] §l19...
[18:43:18] [Client thread/INFO]: [CHAT] §l18...
[18:43:19] [Client thread/INFO]: [CHAT] §l17...
[18:43:20] [Client thread/INFO]: [CHAT] §l16...
[18:43:21] [Client thread/INFO]: [CHAT] §l15...
[18:43:22] [Client thread/INFO]: [CHAT] §l14...
[18:43:24] [Server thread/INFO]: Received mission: §9Test build battles
[18:43:24] [Server thread/INFO]: Source: §a127.0.0.1
[18:43:24] [Client thread/INFO]: [CHAT] Received mission: §9Test build battles
[18:43:24] [Client thread/INFO]: [CHAT] Source: §a127.0.0.1
[18:43:24] [Client thread/INFO]: [CHAT] §l25...
[18:43:25] [Client thread/INFO]: [CHAT] §l24...
[18:43:26] [Client thread/INFO]: [CHAT] §l23...
[18:43:27] [Client thread/INFO]: [CHAT] §l22...
[18:43:28] [Client thread/INFO]: [CHAT] §l21...
[18:43:29] [Client thread/INFO]: [CHAT] §l20...
[18:43:30] [Client thread/INFO]: [CHAT] §l19...
[18:43:31] [Client thread/INFO]: [CHAT] §l18...
[18:43:32] [Client thread/INFO]: [CHAT] §l17...
[18:43:33] [Client thread/INFO]: [CHAT] §l16...
[18:43:34] [Client thread/INFO]: [CHAT] §l15...
[18:43:36] [Server thread/INFO]: Received mission: §9Test build battles
[18:43:36] [Server thread/INFO]: Source: §a127.0.0.1
[18:43:36] [Client thread/INFO]: [CHAT] Received mission: §9Test build battles
[18:43:36] [Client thread/INFO]: [CHAT] Source: §a127.0.0.1
[18:43:37] [Client thread/INFO]: [CHAT] §l25...
[18:43:38] [Client thread/INFO]: [CHAT] §l24...
[18:43:39] [Client thread/INFO]: [CHAT] §l23...
[18:43:40] [Client thread/INFO]: [CHAT] §l22...
[18:43:41] [Client thread/INFO]: [CHAT] §l21...
[18:43:42] [Client thread/INFO]: [CHAT] §l20...
[18:43:43] [Client thread/INFO]: [CHAT] §l19...
[18:43:59] [Server thread/INFO]: Saving and pausing game...
[18:43:59] [Server thread/INFO]: Saving chunks for level 'TEMP_10000_e8d01930-dc83-4546-8e03-d7a9de8672b2'/Overworld
[18:43:59] [Server thread/INFO]: Saving chunks for level 'TEMP_10000_e8d01930-dc83-4546-8e03-d7a9de8672b2'/Nether
[18:43:59] [Server thread/INFO]: Saving chunks for level 'TEMP_10000_e8d01930-dc83-4546-8e03-d7a9de8672b2'/The End
[18:43:59] [Server thread/INFO]: Stopping server
[18:43:59] [Server thread/INFO]: Saving players
[18:43:59] [Server thread/INFO]: Saving worlds
[18:43:59] [Server thread/INFO]: Saving chunks for level 'TEMP_10000_e8d01930-dc83-4546-8e03-d7a9de8672b2'/Overworld
[18:43:59] [Server thread/INFO]: Saving chunks for level 'TEMP_10000_e8d01930-dc83-4546-8e03-d7a9de8672b2'/Nether
[18:43:59] [Server thread/INFO]: Saving chunks for level 'TEMP_10000_e8d01930-dc83-4546-8e03-d7a9de8672b2'/The End
[18:44:00] [Server thread/INFO]: Starting integrated minecraft server version 1.8
[18:44:00] [Server thread/INFO]: Generating keypair
[18:44:00] [Server thread/INFO]: Converting map!
[18:44:00] [Server thread/INFO]: Scanning folders...
[18:44:00] [Server thread/INFO]: Total conversion count is 0
[18:44:00] [Server thread/WARN]: Unable to find spawn biome
[18:44:00] [Server thread/INFO]: Preparing start region for level 0
[18:44:01] [Server thread/INFO]: Preparing spawn area: 40%
[18:44:02] [Server thread/INFO]: Preparing spawn area: 83%
[18:44:02] [Server thread/INFO]: Changing view distance to 6, from 10
[18:44:03] [Client thread/INFO]: Deleting level TEMP_10000_e8d01930-dc83-4546-8e03-d7a9de8672b2
[18:44:03] [Client thread/INFO]: Attempt 1...
[18:44:03] [Server thread/INFO]: Received mission: §9Moving Times
[18:44:03] [Server thread/INFO]: Source: §a127.0.0.1
[18:44:03] [Server thread/INFO]: Walt[local:E:c5fa8f79] logged in with entity id 1062 at (-9.5, 227.0, -6.5)
[18:44:03] [Server thread/INFO]: Walt joined the game
[18:44:07] [Server thread/WARN]: Can't keep up! Did the system time change, or is the server overloaded? Running 4071ms behind, skipping 81 tick(s)
[18:44:07] [Client thread/INFO]: [CHAT] §l150...
[18:44:08] [Client thread/INFO]: [CHAT] §l149...
[18:44:09] [Client thread/INFO]: [CHAT] §l148...
[18:44:10] [Client thread/INFO]: [CHAT] §l147...
[18:44:11] [Client thread/INFO]: [CHAT] §l146...
[18:44:12] [Client thread/INFO]: [CHAT] §l145...
[18:44:13] [Client thread/INFO]: [CHAT] §l144...
[18:44:14] [Client thread/INFO]: [CHAT] §l143...
[18:44:15] [Client thread/INFO]: [CHAT] §l142...
[18:44:16] [Client thread/INFO]: [CHAT] §l141...
[18:44:17] [Client thread/INFO]: [CHAT] §l140...
[18:44:18] [Client thread/INFO]: [CHAT] §l139...
[18:44:19] [Client thread/INFO]: [CHAT] §l138...
[18:44:20] [Client thread/INFO]: [CHAT] §l137...
[18:44:21] [Client thread/INFO]: [CHAT] §l136...
[18:44:22] [Client thread/INFO]: [CHAT] §l135...
[18:44:23] [Client thread/INFO]: [CHAT] §l134...
[18:44:24] [Server thread/INFO]: Received mission: §9Moving Times
[18:44:24] [Server thread/INFO]: Source: §a127.0.0.1
[18:44:24] [Client thread/INFO]: [CHAT] Received mission: §9Moving Times
[18:44:24] [Client thread/INFO]: [CHAT] Source: §a127.0.0.1
[18:44:27] [Server thread/WARN]: Can't keep up! Did the system time change, or is the server overloaded? Running 3019ms behind, skipping 60 tick(s)
[18:44:28] [Client thread/INFO]: [CHAT] §l150...
[18:44:29] [Client thread/INFO]: [CHAT] §l149...
[18:44:30] [Client thread/INFO]: [CHAT] §l148...
[18:44:31] [Client thread/INFO]: [CHAT] §l147...
[18:44:32] [Client thread/INFO]: [CHAT] §l146...
[18:44:33] [Client thread/INFO]: [CHAT] §l145...
[18:44:34] [Client thread/INFO]: [CHAT] §l144...
[18:44:35] [Client thread/INFO]: [CHAT] §l143...
[18:44:36] [Client thread/INFO]: [CHAT] §l142...
[18:44:37] [Client thread/INFO]: [CHAT] §l141...
[18:44:38] [Client thread/INFO]: [CHAT] §l140...
[18:44:39] [Client thread/INFO]: [CHAT] §l139...
[18:44:40] [Client thread/INFO]: [CHAT] §l138...
[18:44:41] [Client thread/INFO]: [CHAT] §l137...
[18:44:42] [Client thread/INFO]: [CHAT] §l136...
[18:44:43] [Client thread/INFO]: [CHAT] §l135...
[18:44:44] [Client thread/INFO]: [CHAT] §l134...
[18:44:45] [Client thread/INFO]: [CHAT] §l133...
[18:44:46] [Client thread/INFO]: [CHAT] §l132...
[18:44:47] [Client thread/INFO]: [CHAT] §l131...
[18:44:48] [Client thread/INFO]: [CHAT] §l130...
[18:44:49] [Client thread/INFO]: [CHAT] §l129...
[18:44:50] [Client thread/INFO]: [CHAT] §l128...
[18:44:51] [Client thread/INFO]: [CHAT] §l127...
[18:44:52] [Client thread/INFO]: [CHAT] §l126...
[18:44:53] [Client thread/INFO]: [CHAT] §l125...
[18:44:54] [Client thread/INFO]: [CHAT] §l124...
[18:44:55] [Client thread/INFO]: [CHAT] §l123...
[18:44:56] [Client thread/INFO]: [CHAT] §l122...
[18:44:57] [Client thread/INFO]: [CHAT] §l121...
[18:44:58] [Client thread/INFO]: [CHAT] §l120...
[18:44:59] [Client thread/INFO]: [CHAT] §l119...
[18:45:00] [Client thread/INFO]: [CHAT] §l118...
[18:45:01] [Client thread/INFO]: [CHAT] §l117...
[18:45:02] [Client thread/INFO]: [CHAT] §l116...
[18:45:03] [Client thread/INFO]: [CHAT] §l115...
[18:45:04] [Client thread/INFO]: [CHAT] §l114...
[18:45:05] [Client thread/INFO]: [CHAT] §l113...
[18:45:06] [Client thread/INFO]: [CHAT] §l112...
[18:45:07] [Client thread/INFO]: [CHAT] §l111...
[18:45:08] [Client thread/INFO]: [CHAT] §l110...
[18:45:09] [Client thread/INFO]: [CHAT] §l109...
[18:45:10] [Client thread/INFO]: [CHAT] §l108...
[18:45:11] [Client thread/INFO]: [CHAT] §l107...
[18:45:12] [Client thread/INFO]: [CHAT] §l106...
[18:45:13] [Client thread/INFO]: [CHAT] §l105...
[18:45:14] [Client thread/INFO]: [CHAT] §l104...
[18:45:15] [Client thread/INFO]: [CHAT] §l103...
[18:45:16] [Client thread/INFO]: [CHAT] §l102...
[18:45:17] [Client thread/INFO]: [CHAT] §l101...
[18:45:18] [Client thread/INFO]: [CHAT] §l100...
[18:45:19] [Client thread/INFO]: [CHAT] §l99...
[18:45:20] [Client thread/INFO]: [CHAT] §l98...
[18:45:21] [Client thread/INFO]: [CHAT] §l97...
[18:45:22] [Client thread/INFO]: [CHAT] §l96...
[18:45:23] [Client thread/INFO]: [CHAT] §l95...
[18:45:24] [Client thread/INFO]: [CHAT] §l94...
[18:45:25] [Client thread/INFO]: [CHAT] §l93...
[18:45:26] [Client thread/INFO]: [CHAT] §l92...
[18:45:27] [Client thread/INFO]: [CHAT] §l91...
[18:45:28] [Client thread/INFO]: [CHAT] §l90...
[18:45:29] [Client thread/INFO]: [CHAT] §l89...
[18:45:30] [Client thread/INFO]: [CHAT] §l88...
[18:45:31] [Client thread/INFO]: [CHAT] §l87...
[18:45:32] [Client thread/INFO]: [CHAT] §l86...
[18:45:33] [Client thread/INFO]: [CHAT] §l85...
[18:45:34] [Client thread/INFO]: [CHAT] §l84...
[18:45:35] [Client thread/INFO]: [CHAT] §l83...
[18:45:36] [Client thread/INFO]: [CHAT] §l82...
[18:45:37] [Client thread/INFO]: [CHAT] §l81...
[18:45:38] [Client thread/INFO]: [CHAT] §l80...
[18:45:39] [Client thread/INFO]: [CHAT] §l79...
[18:45:40] [Client thread/INFO]: [CHAT] §l78...
[18:45:41] [Client thread/INFO]: [CHAT] §l77...
[18:45:42] [Client thread/INFO]: [CHAT] §l76...
[18:45:43] [Client thread/INFO]: [CHAT] §l75...
[18:45:44] [Client thread/INFO]: [CHAT] §l74...
[18:45:45] [Client thread/INFO]: [CHAT] §l73...
[18:45:46] [Client thread/INFO]: [CHAT] §l72...
[18:45:47] [Client thread/INFO]: [CHAT] §l71...
[18:45:48] [Client thread/INFO]: [CHAT] §l70...
[18:45:49] [Client thread/INFO]: [CHAT] §l69...
[18:45:50] [Client thread/INFO]: [CHAT] §l68...
[18:45:51] [Client thread/INFO]: [CHAT] §l67...
[18:45:52] [Client thread/INFO]: [CHAT] §l66...
[18:45:53] [Client thread/INFO]: [CHAT] §l65...
[18:45:54] [Client thread/INFO]: [CHAT] §l64...
[18:45:55] [Client thread/INFO]: [CHAT] §l63...
[18:45:56] [Client thread/INFO]: [CHAT] §l62...
[18:45:57] [Client thread/INFO]: [CHAT] §l61...
[18:45:58] [Client thread/INFO]: [CHAT] §l60...
[18:45:59] [Client thread/INFO]: [CHAT] §l59...
[18:46:00] [Client thread/INFO]: [CHAT] §l58...
[18:49:04] [Client thread/INFO]: Setting user: Player737
