[00:00:26] [Server thread/INFO]: Starting integrated minecraft server version 1.8
[00:00:26] [Server thread/INFO]: Generating keypair
[00:00:26] [Server thread/INFO]: Converting map!
[00:00:26] [Server thread/INFO]: Scanning folders...
[00:00:26] [Server thread/INFO]: Total conversion count is 0
[00:00:26] [Server thread/WARN]: Unable to find spawn biome
[00:00:26] [Server thread/INFO]: Preparing start region for level 0
[00:00:27] [Server thread/INFO]: Preparing spawn area: 32%
[00:00:28] [Server thread/INFO]: Preparing spawn area: 67%
[00:00:29] [Server thread/INFO]: Changing view distance to 6, from 10
[00:00:30] [Client thread/INFO]: Deleting level TEMP_10000_b2aba85a-d231-45b2-b98d-e1a63f29b057
[00:00:30] [Client thread/INFO]: Attempt 1...
[00:00:31] [Server thread/INFO]: MalmoTutorialBot[local:E:6c18884d] logged in with entity id 0 at (-5.5, 227.0, -5.5)
[00:00:31] [Server thread/INFO]: MalmoTutorialBot joined the game
[00:00:31] [Server thread/INFO]: Received mission: §9Hello world!
[00:00:31] [Server thread/INFO]: Source: §a127.0.0.1
[00:00:32] [Client thread/INFO]: [CHAT] Received mission: §9Hello world!
[00:00:32] [Client thread/INFO]: [CHAT] Source: §a127.0.0.1
[00:00:57] [Client thread/INFO]: Stopping!
[00:00:57] [Client thread/INFO]: SoundSystem shutting down...
[00:00:57] [Server thread/INFO]: Stopping server
[00:00:57] [Server thread/INFO]: Saving players
[00:00:57] [Server thread/INFO]: Saving worlds
[00:00:57] [Server thread/INFO]: Saving chunks for level 'TEMP_10000_9038b4d6-917a-431e-9cee-2df2bdb0773b'/Overworld
[00:00:57] [Client thread/WARN]: Author: Paul Lamb, www.paulscode.com
